This is pdfTeX, Version 3.14159265-2.6-1.40.20 (TeX Live 2019) (preloaded format=pdflatex 2019.11.23)  27 APR 2020 18:43
entering extended mode
 restricted \write18 enabled.
 %&-line parsing enabled.
**Pipeline-del-an치lisis.tex
(./Pipeline-del-an치lisis.tex
LaTeX2e <2018-12-01>
(/usr/local/texlive/2019/texmf-dist/tex/latex/base/article.cls
Document Class: article 2018/09/03 v1.4i Standard LaTeX document class
(/usr/local/texlive/2019/texmf-dist/tex/latex/base/size10.clo
File: size10.clo 2018/09/03 v1.4i Standard LaTeX file (size option)
)
\c@part=\count80
\c@section=\count81
\c@subsection=\count82
\c@subsubsection=\count83
\c@paragraph=\count84
\c@subparagraph=\count85
\c@figure=\count86
\c@table=\count87
\abovecaptionskip=\skip41
\belowcaptionskip=\skip42
\bibindent=\dimen102
)
(/usr/local/texlive/2019/texmf-dist/tex/latex/lm/lmodern.sty
Package: lmodern 2009/10/30 v1.6 Latin Modern Fonts
LaTeX Font Info:    Overwriting symbol font `operators' in version `normal'
(Font)                  OT1/cmr/m/n --> OT1/lmr/m/n on input line 22.
LaTeX Font Info:    Overwriting symbol font `letters' in version `normal'
(Font)                  OML/cmm/m/it --> OML/lmm/m/it on input line 23.
LaTeX Font Info:    Overwriting symbol font `symbols' in version `normal'
(Font)                  OMS/cmsy/m/n --> OMS/lmsy/m/n on input line 24.
LaTeX Font Info:    Overwriting symbol font `largesymbols' in version `normal'
(Font)                  OMX/cmex/m/n --> OMX/lmex/m/n on input line 25.
LaTeX Font Info:    Overwriting symbol font `operators' in version `bold'
(Font)                  OT1/cmr/bx/n --> OT1/lmr/bx/n on input line 26.
LaTeX Font Info:    Overwriting symbol font `letters' in version `bold'
(Font)                  OML/cmm/b/it --> OML/lmm/b/it on input line 27.
LaTeX Font Info:    Overwriting symbol font `symbols' in version `bold'
(Font)                  OMS/cmsy/b/n --> OMS/lmsy/b/n on input line 28.
LaTeX Font Info:    Overwriting symbol font `largesymbols' in version `bold'
(Font)                  OMX/cmex/m/n --> OMX/lmex/m/n on input line 29.
LaTeX Font Info:    Overwriting math alphabet `\mathbf' in version `normal'
(Font)                  OT1/cmr/bx/n --> OT1/lmr/bx/n on input line 31.
LaTeX Font Info:    Overwriting math alphabet `\mathsf' in version `normal'
(Font)                  OT1/cmss/m/n --> OT1/lmss/m/n on input line 32.
LaTeX Font Info:    Overwriting math alphabet `\mathit' in version `normal'
(Font)                  OT1/cmr/m/it --> OT1/lmr/m/it on input line 33.
LaTeX Font Info:    Overwriting math alphabet `\mathtt' in version `normal'
(Font)                  OT1/cmtt/m/n --> OT1/lmtt/m/n on input line 34.
LaTeX Font Info:    Overwriting math alphabet `\mathbf' in version `bold'
(Font)                  OT1/cmr/bx/n --> OT1/lmr/bx/n on input line 35.
LaTeX Font Info:    Overwriting math alphabet `\mathsf' in version `bold'
(Font)                  OT1/cmss/bx/n --> OT1/lmss/bx/n on input line 36.
LaTeX Font Info:    Overwriting math alphabet `\mathit' in version `bold'
(Font)                  OT1/cmr/bx/it --> OT1/lmr/bx/it on input line 37.
LaTeX Font Info:    Overwriting math alphabet `\mathtt' in version `bold'
(Font)                  OT1/cmtt/m/n --> OT1/lmtt/m/n on input line 38.
)
(/usr/local/texlive/2019/texmf-dist/tex/latex/amsfonts/amssymb.sty
Package: amssymb 2013/01/14 v3.01 AMS font symbols

(/usr/local/texlive/2019/texmf-dist/tex/latex/amsfonts/amsfonts.sty
Package: amsfonts 2013/01/14 v3.01 Basic AMSFonts support
\@emptytoks=\toks14
\symAMSa=\mathgroup4
\symAMSb=\mathgroup5
LaTeX Font Info:    Overwriting math alphabet `\mathfrak' in version `bold'
(Font)                  U/euf/m/n --> U/euf/b/n on input line 106.
))
(/usr/local/texlive/2019/texmf-dist/tex/latex/amsmath/amsmath.sty
Package: amsmath 2018/12/01 v2.17b AMS math features
\@mathmargin=\skip43

For additional information on amsmath, use the `?' option.
(/usr/local/texlive/2019/texmf-dist/tex/latex/amsmath/amstext.sty
Package: amstext 2000/06/29 v2.01 AMS text

(/usr/local/texlive/2019/texmf-dist/tex/latex/amsmath/amsgen.sty
File: amsgen.sty 1999/11/30 v2.0 generic functions
\@emptytoks=\toks15
\ex@=\dimen103
))
(/usr/local/texlive/2019/texmf-dist/tex/latex/amsmath/amsbsy.sty
Package: amsbsy 1999/11/29 v1.2d Bold Symbols
\pmbraise@=\dimen104
)
(/usr/local/texlive/2019/texmf-dist/tex/latex/amsmath/amsopn.sty
Package: amsopn 2016/03/08 v2.02 operator names
)
\inf@bad=\count88
LaTeX Info: Redefining \frac on input line 223.
\uproot@=\count89
\leftroot@=\count90
LaTeX Info: Redefining \overline on input line 385.
\classnum@=\count91
\DOTSCASE@=\count92
LaTeX Info: Redefining \ldots on input line 482.
LaTeX Info: Redefining \dots on input line 485.
LaTeX Info: Redefining \cdots on input line 606.
\Mathstrutbox@=\box27
\strutbox@=\box28
\big@size=\dimen105
LaTeX Font Info:    Redeclaring font encoding OML on input line 729.
LaTeX Font Info:    Redeclaring font encoding OMS on input line 730.
\macc@depth=\count93
\c@MaxMatrixCols=\count94
\dotsspace@=\muskip10
\c@parentequation=\count95
\dspbrk@lvl=\count96
\tag@help=\toks16
\row@=\count97
\column@=\count98
\maxfields@=\count99
\andhelp@=\toks17
\eqnshift@=\dimen106
\alignsep@=\dimen107
\tagshift@=\dimen108
\tagwidth@=\dimen109
\totwidth@=\dimen110
\lineht@=\dimen111
\@envbody=\toks18
\multlinegap=\skip44
\multlinetaggap=\skip45
\mathdisplay@stack=\toks19
LaTeX Info: Redefining \[ on input line 2844.
LaTeX Info: Redefining \] on input line 2845.
)
(/usr/local/texlive/2019/texmf-dist/tex/generic/ifxetex/ifxetex.sty
Package: ifxetex 2010/09/12 v0.6 Provides ifxetex conditional
)
(/usr/local/texlive/2019/texmf-dist/tex/generic/oberdiek/ifluatex.sty
Package: ifluatex 2016/05/16 v1.4 Provides the ifluatex switch (HO)
Package ifluatex Info: LuaTeX not detected.
)
(/usr/local/texlive/2019/texmf-dist/tex/latex/base/fixltx2e.sty
Package: fixltx2e 2016/12/29 v2.1a fixes to LaTeX (obsolete)
Applying: [2015/01/01] Old fixltx2e package on input line 46.


Package fixltx2e Warning: fixltx2e is not required with releases after 2015
(fixltx2e)                All fixes are now in the LaTeX kernel.
(fixltx2e)                See the latexrelease package for details.

Already applied: [0000/00/00] Old fixltx2e package on input line 53.
) (/usr/local/texlive/2019/texmf-dist/tex/latex/base/fontenc.sty
Package: fontenc 2018/08/11 v2.0j Standard LaTeX package

(/usr/local/texlive/2019/texmf-dist/tex/latex/base/t1enc.def
File: t1enc.def 2018/08/11 v2.0j Standard LaTeX file
LaTeX Font Info:    Redeclaring font encoding T1 on input line 48.
))
(/usr/local/texlive/2019/texmf-dist/tex/latex/base/inputenc.sty
Package: inputenc 2018/08/11 v1.3c Input encoding file
\inpenc@prehook=\toks20
\inpenc@posthook=\toks21
)
(/usr/local/texlive/2019/texmf-dist/tex/latex/base/textcomp.sty
Package: textcomp 2018/08/11 v2.0j Standard LaTeX package
Package textcomp Info: Sub-encoding information:
(textcomp)               5 = only ISO-Adobe without \textcurrency
(textcomp)               4 = 5 + \texteuro
(textcomp)               3 = 4 + \textohm
(textcomp)               2 = 3 + \textestimated + \textcurrency
(textcomp)               1 = TS1 - \textcircled - \t
(textcomp)               0 = TS1 (full)
(textcomp)             Font families with sub-encoding setting implement
(textcomp)             only a restricted character set as indicated.
(textcomp)             Family '?' is the default used for unknown fonts.
(textcomp)             See the documentation for details.
Package textcomp Info: Setting ? sub-encoding to TS1/1 on input line 79.

(/usr/local/texlive/2019/texmf-dist/tex/latex/base/ts1enc.def
File: ts1enc.def 2001/06/05 v3.0e (jk/car/fm) Standard LaTeX file
Now handling font encoding TS1 ...
... processing UTF-8 mapping file for font encoding TS1

(/usr/local/texlive/2019/texmf-dist/tex/latex/base/ts1enc.dfu
File: ts1enc.dfu 2018/10/05 v1.2f UTF-8 support for inputenc
   defining Unicode char U+00A2 (decimal 162)
   defining Unicode char U+00A3 (decimal 163)
   defining Unicode char U+00A4 (decimal 164)
   defining Unicode char U+00A5 (decimal 165)
   defining Unicode char U+00A6 (decimal 166)
   defining Unicode char U+00A7 (decimal 167)
   defining Unicode char U+00A8 (decimal 168)
   defining Unicode char U+00A9 (decimal 169)
   defining Unicode char U+00AA (decimal 170)
   defining Unicode char U+00AC (decimal 172)
   defining Unicode char U+00AE (decimal 174)
   defining Unicode char U+00AF (decimal 175)
   defining Unicode char U+00B0 (decimal 176)
   defining Unicode char U+00B1 (decimal 177)
   defining Unicode char U+00B2 (decimal 178)
   defining Unicode char U+00B3 (decimal 179)
   defining Unicode char U+00B4 (decimal 180)
   defining Unicode char U+00B5 (decimal 181)
   defining Unicode char U+00B6 (decimal 182)
   defining Unicode char U+00B7 (decimal 183)
   defining Unicode char U+00B9 (decimal 185)
   defining Unicode char U+00BA (decimal 186)
   defining Unicode char U+00BC (decimal 188)
   defining Unicode char U+00BD (decimal 189)
   defining Unicode char U+00BE (decimal 190)
   defining Unicode char U+00D7 (decimal 215)
   defining Unicode char U+00F7 (decimal 247)
   defining Unicode char U+0192 (decimal 402)
   defining Unicode char U+02C7 (decimal 711)
   defining Unicode char U+02D8 (decimal 728)
   defining Unicode char U+02DD (decimal 733)
   defining Unicode char U+0E3F (decimal 3647)
   defining Unicode char U+2016 (decimal 8214)
   defining Unicode char U+2020 (decimal 8224)
   defining Unicode char U+2021 (decimal 8225)
   defining Unicode char U+2022 (decimal 8226)
   defining Unicode char U+2030 (decimal 8240)
   defining Unicode char U+2031 (decimal 8241)
   defining Unicode char U+203B (decimal 8251)
   defining Unicode char U+203D (decimal 8253)
   defining Unicode char U+2044 (decimal 8260)
   defining Unicode char U+204E (decimal 8270)
   defining Unicode char U+2052 (decimal 8274)
   defining Unicode char U+20A1 (decimal 8353)
   defining Unicode char U+20A4 (decimal 8356)
   defining Unicode char U+20A6 (decimal 8358)
   defining Unicode char U+20A9 (decimal 8361)
   defining Unicode char U+20AB (decimal 8363)
   defining Unicode char U+20AC (decimal 8364)
   defining Unicode char U+20B1 (decimal 8369)
   defining Unicode char U+2103 (decimal 8451)
   defining Unicode char U+2116 (decimal 8470)
   defining Unicode char U+2117 (decimal 8471)
   defining Unicode char U+211E (decimal 8478)
   defining Unicode char U+2120 (decimal 8480)
   defining Unicode char U+2122 (decimal 8482)
   defining Unicode char U+2126 (decimal 8486)
   defining Unicode char U+2127 (decimal 8487)
   defining Unicode char U+212E (decimal 8494)
   defining Unicode char U+2190 (decimal 8592)
   defining Unicode char U+2191 (decimal 8593)
   defining Unicode char U+2192 (decimal 8594)
   defining Unicode char U+2193 (decimal 8595)
   defining Unicode char U+2329 (decimal 9001)
   defining Unicode char U+232A (decimal 9002)
   defining Unicode char U+2422 (decimal 9250)
   defining Unicode char U+25E6 (decimal 9702)
   defining Unicode char U+25EF (decimal 9711)
   defining Unicode char U+266A (decimal 9834)
   defining Unicode char U+FEFF (decimal 65279)
))
LaTeX Info: Redefining \oldstylenums on input line 334.
Package textcomp Info: Setting cmr sub-encoding to TS1/0 on input line 349.
Package textcomp Info: Setting cmss sub-encoding to TS1/0 on input line 350.
Package textcomp Info: Setting cmtt sub-encoding to TS1/0 on input line 351.
Package textcomp Info: Setting cmvtt sub-encoding to TS1/0 on input line 352.
Package textcomp Info: Setting cmbr sub-encoding to TS1/0 on input line 353.
Package textcomp Info: Setting cmtl sub-encoding to TS1/0 on input line 354.
Package textcomp Info: Setting ccr sub-encoding to TS1/0 on input line 355.
Package textcomp Info: Setting ptm sub-encoding to TS1/4 on input line 356.
Package textcomp Info: Setting pcr sub-encoding to TS1/4 on input line 357.
Package textcomp Info: Setting phv sub-encoding to TS1/4 on input line 358.
Package textcomp Info: Setting ppl sub-encoding to TS1/3 on input line 359.
Package textcomp Info: Setting pag sub-encoding to TS1/4 on input line 360.
Package textcomp Info: Setting pbk sub-encoding to TS1/4 on input line 361.
Package textcomp Info: Setting pnc sub-encoding to TS1/4 on input line 362.
Package textcomp Info: Setting pzc sub-encoding to TS1/4 on input line 363.
Package textcomp Info: Setting bch sub-encoding to TS1/4 on input line 364.
Package textcomp Info: Setting put sub-encoding to TS1/5 on input line 365.
Package textcomp Info: Setting uag sub-encoding to TS1/5 on input line 366.
Package textcomp Info: Setting ugq sub-encoding to TS1/5 on input line 367.
Package textcomp Info: Setting ul8 sub-encoding to TS1/4 on input line 368.
Package textcomp Info: Setting ul9 sub-encoding to TS1/4 on input line 369.
Package textcomp Info: Setting augie sub-encoding to TS1/5 on input line 370.
Package textcomp Info: Setting dayrom sub-encoding to TS1/3 on input line 371.
Package textcomp Info: Setting dayroms sub-encoding to TS1/3 on input line 372.

Package textcomp Info: Setting pxr sub-encoding to TS1/0 on input line 373.
Package textcomp Info: Setting pxss sub-encoding to TS1/0 on input line 374.
Package textcomp Info: Setting pxtt sub-encoding to TS1/0 on input line 375.
Package textcomp Info: Setting txr sub-encoding to TS1/0 on input line 376.
Package textcomp Info: Setting txss sub-encoding to TS1/0 on input line 377.
Package textcomp Info: Setting txtt sub-encoding to TS1/0 on input line 378.
Package textcomp Info: Setting lmr sub-encoding to TS1/0 on input line 379.
Package textcomp Info: Setting lmdh sub-encoding to TS1/0 on input line 380.
Package textcomp Info: Setting lmss sub-encoding to TS1/0 on input line 381.
Package textcomp Info: Setting lmssq sub-encoding to TS1/0 on input line 382.
Package textcomp Info: Setting lmvtt sub-encoding to TS1/0 on input line 383.
Package textcomp Info: Setting lmtt sub-encoding to TS1/0 on input line 384.
Package textcomp Info: Setting qhv sub-encoding to TS1/0 on input line 385.
Package textcomp Info: Setting qag sub-encoding to TS1/0 on input line 386.
Package textcomp Info: Setting qbk sub-encoding to TS1/0 on input line 387.
Package textcomp Info: Setting qcr sub-encoding to TS1/0 on input line 388.
Package textcomp Info: Setting qcs sub-encoding to TS1/0 on input line 389.
Package textcomp Info: Setting qpl sub-encoding to TS1/0 on input line 390.
Package textcomp Info: Setting qtm sub-encoding to TS1/0 on input line 391.
Package textcomp Info: Setting qzc sub-encoding to TS1/0 on input line 392.
Package textcomp Info: Setting qhvc sub-encoding to TS1/0 on input line 393.
Package textcomp Info: Setting futs sub-encoding to TS1/4 on input line 394.
Package textcomp Info: Setting futx sub-encoding to TS1/4 on input line 395.
Package textcomp Info: Setting futj sub-encoding to TS1/4 on input line 396.
Package textcomp Info: Setting hlh sub-encoding to TS1/3 on input line 397.
Package textcomp Info: Setting hls sub-encoding to TS1/3 on input line 398.
Package textcomp Info: Setting hlst sub-encoding to TS1/3 on input line 399.
Package textcomp Info: Setting hlct sub-encoding to TS1/5 on input line 400.
Package textcomp Info: Setting hlx sub-encoding to TS1/5 on input line 401.
Package textcomp Info: Setting hlce sub-encoding to TS1/5 on input line 402.
Package textcomp Info: Setting hlcn sub-encoding to TS1/5 on input line 403.
Package textcomp Info: Setting hlcw sub-encoding to TS1/5 on input line 404.
Package textcomp Info: Setting hlcf sub-encoding to TS1/5 on input line 405.
Package textcomp Info: Setting pplx sub-encoding to TS1/3 on input line 406.
Package textcomp Info: Setting pplj sub-encoding to TS1/3 on input line 407.
Package textcomp Info: Setting ptmx sub-encoding to TS1/4 on input line 408.
Package textcomp Info: Setting ptmj sub-encoding to TS1/4 on input line 409.
)
(/usr/local/texlive/2019/texmf-dist/tex/latex/upquote/upquote.sty
Package: upquote 2012/04/19 v1.3 upright-quote and grave-accent glyphs in verba
tim
)
(/usr/local/texlive/2019/texmf-dist/tex/latex/microtype/microtype.sty
Package: microtype 2019/02/28 v2.7b Micro-typographical refinements (RS)

(/usr/local/texlive/2019/texmf-dist/tex/latex/graphics/keyval.sty
Package: keyval 2014/10/28 v1.15 key=value parser (DPC)
\KV@toks@=\toks22
)
\MT@toks=\toks23
\MT@count=\count100
LaTeX Info: Redefining \textls on input line 790.
\MT@outer@kern=\dimen112
LaTeX Info: Redefining \textmicrotypecontext on input line 1336.
\MT@listname@count=\count101

(/usr/local/texlive/2019/texmf-dist/tex/latex/microtype/microtype-pdftex.def
File: microtype-pdftex.def 2019/02/28 v2.7b Definitions specific to pdftex (RS)

LaTeX Info: Redefining \lsstyle on input line 914.
LaTeX Info: Redefining \lslig on input line 914.
\MT@outer@space=\skip46
)
Package microtype Info: Loading configuration file microtype.cfg.

(/usr/local/texlive/2019/texmf-dist/tex/latex/microtype/microtype.cfg
File: microtype.cfg 2019/02/28 v2.7b microtype main configuration file (RS)
))
(/usr/local/texlive/2019/texmf-dist/tex/latex/parskip/parskip.sty
Package: parskip 2019-01-16 v2.0c non-zero parskip adjustments

(/usr/local/texlive/2019/texmf-dist/tex/latex/oberdiek/kvoptions.sty
Package: kvoptions 2016/05/16 v3.12 Key value format for package options (HO)

(/usr/local/texlive/2019/texmf-dist/tex/generic/oberdiek/ltxcmds.sty
Package: ltxcmds 2016/05/16 v1.23 LaTeX kernel commands for general use (HO)
)
(/usr/local/texlive/2019/texmf-dist/tex/generic/oberdiek/kvsetkeys.sty
Package: kvsetkeys 2016/05/16 v1.17 Key value parser (HO)

(/usr/local/texlive/2019/texmf-dist/tex/generic/oberdiek/infwarerr.sty
Package: infwarerr 2016/05/16 v1.4 Providing info/warning/error messages (HO)
)
(/usr/local/texlive/2019/texmf-dist/tex/generic/oberdiek/etexcmds.sty
Package: etexcmds 2016/05/16 v1.6 Avoid name clashes with e-TeX commands (HO)
)))
(/usr/local/texlive/2019/texmf-dist/tex/latex/etoolbox/etoolbox.sty
Package: etoolbox 2018/08/19 v2.5f e-TeX tools for LaTeX (JAW)
\etb@tempcnta=\count102
))
(/usr/local/texlive/2019/texmf-dist/tex/latex/hyperref/hyperref.sty
Package: hyperref 2018/11/30 v6.88e Hypertext links for LaTeX

(/usr/local/texlive/2019/texmf-dist/tex/generic/oberdiek/hobsub-hyperref.sty
Package: hobsub-hyperref 2016/05/16 v1.14 Bundle oberdiek, subset hyperref (HO)


(/usr/local/texlive/2019/texmf-dist/tex/generic/oberdiek/hobsub-generic.sty
Package: hobsub-generic 2016/05/16 v1.14 Bundle oberdiek, subset generic (HO)
Package: hobsub 2016/05/16 v1.14 Construct package bundles (HO)
Package hobsub Info: Skipping package `infwarerr' (already loaded).
Package hobsub Info: Skipping package `ltxcmds' (already loaded).
Package hobsub Info: Skipping package `ifluatex' (already loaded).
Package: ifvtex 2016/05/16 v1.6 Detect VTeX and its facilities (HO)
Package ifvtex Info: VTeX not detected.
Package: intcalc 2016/05/16 v1.2 Expandable calculations with integers (HO)
Package: ifpdf 2018/09/07 v3.3 Provides the ifpdf switch
Package hobsub Info: Skipping package `etexcmds' (already loaded).
Package hobsub Info: Skipping package `kvsetkeys' (already loaded).
Package: kvdefinekeys 2016/05/16 v1.4 Define keys (HO)
Package: pdftexcmds 2018/09/10 v0.29 Utility functions of pdfTeX for LuaTeX (HO
)
Package pdftexcmds Info: LuaTeX not detected.
Package pdftexcmds Info: \pdf@primitive is available.
Package pdftexcmds Info: \pdf@ifprimitive is available.
Package pdftexcmds Info: \pdfdraftmode found.
Package: pdfescape 2016/05/16 v1.14 Implements pdfTeX's escape features (HO)
Package: bigintcalc 2016/05/16 v1.4 Expandable calculations on big integers (HO
)
Package: bitset 2016/05/16 v1.2 Handle bit-vector datatype (HO)
Package: uniquecounter 2016/05/16 v1.3 Provide unlimited unique counter (HO)
)
Package hobsub Info: Skipping package `hobsub' (already loaded).
Package: letltxmacro 2016/05/16 v1.5 Let assignment for LaTeX macros (HO)
Package: hopatch 2016/05/16 v1.3 Wrapper for package hooks (HO)
Package: xcolor-patch 2016/05/16 xcolor patch
Package: atveryend 2016/05/16 v1.9 Hooks at the very end of document (HO)
Package: atbegshi 2016/06/09 v1.18 At begin shipout hook (HO)
Package: refcount 2016/05/16 v3.5 Data extraction from label references (HO)
Package: hycolor 2016/05/16 v1.8 Color options for hyperref/bookmark (HO)
)
(/usr/local/texlive/2019/texmf-dist/tex/latex/oberdiek/auxhook.sty
Package: auxhook 2016/05/16 v1.4 Hooks for auxiliary files (HO)
)
\@linkdim=\dimen113
\Hy@linkcounter=\count103
\Hy@pagecounter=\count104

(/usr/local/texlive/2019/texmf-dist/tex/latex/hyperref/pd1enc.def
File: pd1enc.def 2018/11/30 v6.88e Hyperref: PDFDocEncoding definition (HO)
Now handling font encoding PD1 ...
... no UTF-8 mapping file for font encoding PD1
)
\Hy@SavedSpaceFactor=\count105

(/usr/local/texlive/2019/texmf-dist/tex/latex/latexconfig/hyperref.cfg
File: hyperref.cfg 2002/06/06 v1.2 hyperref configuration of TeXLive
)
Package hyperref Info: Option `unicode' set `true' on input line 4393.

(/usr/local/texlive/2019/texmf-dist/tex/latex/hyperref/puenc.def
File: puenc.def 2018/11/30 v6.88e Hyperref: PDF Unicode definition (HO)
Now handling font encoding PU ...
... no UTF-8 mapping file for font encoding PU
)
Package hyperref Info: Hyper figures OFF on input line 4519.
Package hyperref Info: Link nesting OFF on input line 4524.
Package hyperref Info: Hyper index ON on input line 4527.
Package hyperref Info: Plain pages OFF on input line 4534.
Package hyperref Info: Backreferencing OFF on input line 4539.
Package hyperref Info: Implicit mode ON; LaTeX internals redefined.
Package hyperref Info: Bookmarks ON on input line 4772.
\c@Hy@tempcnt=\count106

(/usr/local/texlive/2019/texmf-dist/tex/latex/url/url.sty
\Urlmuskip=\muskip11
Package: url 2013/09/16  ver 3.4  Verb mode for urls, etc.
)
LaTeX Info: Redefining \url on input line 5125.
\XeTeXLinkMargin=\dimen114
\Fld@menulength=\count107
\Field@Width=\dimen115
\Fld@charsize=\dimen116
Package hyperref Info: Hyper figures OFF on input line 6380.
Package hyperref Info: Link nesting OFF on input line 6385.
Package hyperref Info: Hyper index ON on input line 6388.
Package hyperref Info: backreferencing OFF on input line 6395.
Package hyperref Info: Link coloring OFF on input line 6400.
Package hyperref Info: Link coloring with OCG OFF on input line 6405.
Package hyperref Info: PDF/A mode OFF on input line 6410.
LaTeX Info: Redefining \ref on input line 6450.
LaTeX Info: Redefining \pageref on input line 6454.
\Hy@abspage=\count108
\c@Item=\count109
\c@Hfootnote=\count110
)
Package hyperref Info: Driver (autodetected): hpdftex.

(/usr/local/texlive/2019/texmf-dist/tex/latex/hyperref/hpdftex.def
File: hpdftex.def 2018/11/30 v6.88e Hyperref driver for pdfTeX
\Fld@listcount=\count111
\c@bookmark@seq@number=\count112

(/usr/local/texlive/2019/texmf-dist/tex/latex/oberdiek/rerunfilecheck.sty
Package: rerunfilecheck 2016/05/16 v1.8 Rerun checks for auxiliary files (HO)
Package uniquecounter Info: New unique counter `rerunfilecheck' on input line 2
82.
)
\Hy@SectionHShift=\skip47
)
Package hyperref Info: Option `breaklinks' set `true' on input line 35.

(/usr/local/texlive/2019/texmf-dist/tex/latex/geometry/geometry.sty
Package: geometry 2018/04/16 v5.8 Page Geometry
\Gm@cnth=\count113
\Gm@cntv=\count114
\c@Gm@tempcnt=\count115
\Gm@bindingoffset=\dimen117
\Gm@wd@mp=\dimen118
\Gm@odd@mp=\dimen119
\Gm@even@mp=\dimen120
\Gm@layoutwidth=\dimen121
\Gm@layoutheight=\dimen122
\Gm@layouthoffset=\dimen123
\Gm@layoutvoffset=\dimen124
\Gm@dimlist=\toks24
)
(/usr/local/texlive/2019/texmf-dist/tex/latex/graphics/color.sty
Package: color 2016/07/10 v1.1e Standard LaTeX Color (DPC)

(/usr/local/texlive/2019/texmf-dist/tex/latex/graphics-cfg/color.cfg
File: color.cfg 2016/01/02 v1.6 sample color configuration
)
Package color Info: Driver file: pdftex.def on input line 147.

(/usr/local/texlive/2019/texmf-dist/tex/latex/graphics-def/pdftex.def
File: pdftex.def 2018/01/08 v1.0l Graphics/color driver for pdftex
))
(/usr/local/texlive/2019/texmf-dist/tex/latex/fancyvrb/fancyvrb.sty
Package: fancyvrb 2019/01/15

Style option: `fancyvrb' v3.2a <2019/01/15> (tvz)
\FV@CodeLineNo=\count116
\FV@InFile=\read1
\FV@TabBox=\box29
\c@FancyVerbLine=\count117
\FV@StepNumber=\count118
\FV@OutFile=\write3
)
(/usr/local/texlive/2019/texmf-dist/tex/latex/framed/framed.sty
Package: framed 2011/10/22 v 0.96: framed or shaded text with page breaks
\OuterFrameSep=\skip48
\fb@frw=\dimen125
\fb@frh=\dimen126
\FrameRule=\dimen127
\FrameSep=\dimen128
)
(/usr/local/texlive/2019/texmf-dist/tex/latex/tools/longtable.sty
Package: longtable 2014/10/28 v4.11 Multi-page Table package (DPC)+ FMi change
\LTleft=\skip49
\LTright=\skip50
\LTpre=\skip51
\LTpost=\skip52
\LTchunksize=\count119
\LTcapwidth=\dimen129
\LT@head=\box30
\LT@firsthead=\box31
\LT@foot=\box32
\LT@lastfoot=\box33
\LT@cols=\count120
\LT@rows=\count121
\c@LT@tables=\count122
\c@LT@chunks=\count123
\LT@p@ftn=\toks25
)
(/usr/local/texlive/2019/texmf-dist/tex/latex/booktabs/booktabs.sty
Package: booktabs 2016/04/27 v1.618033 publication quality tables
\heavyrulewidth=\dimen130
\lightrulewidth=\dimen131
\cmidrulewidth=\dimen132
\belowrulesep=\dimen133
\belowbottomsep=\dimen134
\aboverulesep=\dimen135
\abovetopsep=\dimen136
\cmidrulesep=\dimen137
\cmidrulekern=\dimen138
\defaultaddspace=\dimen139
\@cmidla=\count124
\@cmidlb=\count125
\@aboverulesep=\dimen140
\@belowrulesep=\dimen141
\@thisruleclass=\count126
\@lastruleclass=\count127
\@thisrulewidth=\dimen142
)
(/usr/local/texlive/2019/texmf-dist/tex/latex/mdwtools/footnote.sty
Package: footnote 1997/01/28 1.13 Save footnotes around boxes
\fn@notes=\box34
\fn@width=\dimen143
)
(/usr/local/texlive/2019/texmf-dist/tex/latex/graphics/graphicx.sty
Package: graphicx 2017/06/01 v1.1a Enhanced LaTeX Graphics (DPC,SPQR)

(/usr/local/texlive/2019/texmf-dist/tex/latex/graphics/graphics.sty
Package: graphics 2017/06/25 v1.2c Standard LaTeX Graphics (DPC,SPQR)

(/usr/local/texlive/2019/texmf-dist/tex/latex/graphics/trig.sty
Package: trig 2016/01/03 v1.10 sin cos tan (DPC)
)
(/usr/local/texlive/2019/texmf-dist/tex/latex/graphics-cfg/graphics.cfg
File: graphics.cfg 2016/06/04 v1.11 sample graphics configuration
)
Package graphics Info: Driver file: pdftex.def on input line 99.
)
\Gin@req@height=\dimen144
\Gin@req@width=\dimen145
)
(/usr/local/texlive/2019/texmf-dist/tex/latex/oberdiek/grffile.sty
Package: grffile 2017/06/30 v1.18 Extended file name support for graphics (HO)
Package grffile Info: Option `multidot' is set to `true'.
Package grffile Info: Option `extendedchars' is set to `false'.
Package grffile Info: Option `space' is set to `true'.
Package grffile Info: \Gin@ii of package `graphicx' fixed on input line 494.
)
(./Pipeline-del-an치lisis.aux)
\openout1 = `Pipeline-del-an치lisis.aux'.

LaTeX Font Info:    Checking defaults for OML/cmm/m/it on input line 116.
LaTeX Font Info:    ... okay on input line 116.
LaTeX Font Info:    Checking defaults for T1/cmr/m/n on input line 116.
LaTeX Font Info:    ... okay on input line 116.
LaTeX Font Info:    Checking defaults for OT1/cmr/m/n on input line 116.
LaTeX Font Info:    ... okay on input line 116.
LaTeX Font Info:    Checking defaults for OMS/cmsy/m/n on input line 116.
LaTeX Font Info:    ... okay on input line 116.
LaTeX Font Info:    Checking defaults for OMX/cmex/m/n on input line 116.
LaTeX Font Info:    ... okay on input line 116.
LaTeX Font Info:    Checking defaults for U/cmr/m/n on input line 116.
LaTeX Font Info:    ... okay on input line 116.
LaTeX Font Info:    Checking defaults for TS1/cmr/m/n on input line 116.
LaTeX Font Info:    Try loading font information for TS1+cmr on input line 116.


(/usr/local/texlive/2019/texmf-dist/tex/latex/base/ts1cmr.fd
File: ts1cmr.fd 2014/09/29 v2.5h Standard LaTeX font definitions
)
LaTeX Font Info:    ... okay on input line 116.
LaTeX Font Info:    Checking defaults for PD1/pdf/m/n on input line 116.
LaTeX Font Info:    ... okay on input line 116.
LaTeX Font Info:    Checking defaults for PU/pdf/m/n on input line 116.
LaTeX Font Info:    ... okay on input line 116.
LaTeX Font Info:    Try loading font information for T1+lmr on input line 116.

(/usr/local/texlive/2019/texmf-dist/tex/latex/lm/t1lmr.fd
File: t1lmr.fd 2009/10/30 v1.6 Font defs for Latin Modern
)
LaTeX Info: Redefining \microtypecontext on input line 116.
Package microtype Info: Generating PDF output.
Package microtype Info: Character protrusion enabled (level 2).
Package microtype Info: Using protrusion set `basicmath'.
Package microtype Info: Automatic font expansion enabled (level 2),
(microtype)             stretch: 20, shrink: 20, step: 1, non-selected.
Package microtype Info: Using default expansion set `basictext'.
Package microtype Info: No adjustment of tracking.
Package microtype Info: No adjustment of interword spacing.
Package microtype Info: No adjustment of character kerning.

(/usr/local/texlive/2019/texmf-dist/tex/latex/microtype/mt-cmr.cfg
File: mt-cmr.cfg 2013/05/19 v2.2 microtype config. file: Computer Modern Roman 
(RS)
)
\AtBeginShipoutBox=\box35
Package hyperref Info: Link coloring OFF on input line 116.

(/usr/local/texlive/2019/texmf-dist/tex/latex/hyperref/nameref.sty
Package: nameref 2016/05/21 v2.44 Cross-referencing by name of section

(/usr/local/texlive/2019/texmf-dist/tex/generic/oberdiek/gettitlestring.sty
Package: gettitlestring 2016/05/16 v1.5 Cleanup title references (HO)
)
\c@section@level=\count128
)
LaTeX Info: Redefining \ref on input line 116.
LaTeX Info: Redefining \pageref on input line 116.
LaTeX Info: Redefining \nameref on input line 116.

(./Pipeline-del-an치lisis.out) (./Pipeline-del-an치lisis.out)
\@outlinefile=\write4
\openout4 = `Pipeline-del-an치lisis.out'.


*geometry* driver: auto-detecting
*geometry* detected driver: pdftex
*geometry* verbose mode - [ preamble ] result:
* driver: pdftex
* paper: <default>
* layout: <same size as paper>
* layoutoffset:(h,v)=(0.0pt,0.0pt)
* modes: 
* h-part:(L,W,R)=(72.26999pt, 469.75502pt, 72.26999pt)
* v-part:(T,H,B)=(72.26999pt, 650.43001pt, 72.26999pt)
* \paperwidth=614.295pt
* \paperheight=794.96999pt
* \textwidth=469.75502pt
* \textheight=650.43001pt
* \oddsidemargin=0.0pt
* \evensidemargin=0.0pt
* \topmargin=-37.0pt
* \headheight=12.0pt
* \headsep=25.0pt
* \topskip=10.0pt
* \footskip=30.0pt
* \marginparwidth=65.0pt
* \marginparsep=11.0pt
* \columnsep=10.0pt
* \skip\footins=9.0pt plus 4.0pt minus 2.0pt
* \hoffset=0.0pt
* \voffset=0.0pt
* \mag=1000
* \@twocolumnfalse
* \@twosidefalse
* \@mparswitchfalse
* \@reversemarginfalse
* (1in=72.27pt=25.4mm, 1cm=28.453pt)

(/usr/local/texlive/2019/texmf-dist/tex/context/base/mkii/supp-pdf.mkii
[Loading MPS to PDF converter (version 2006.09.02).]
\scratchcounter=\count129
\scratchdimen=\dimen146
\scratchbox=\box36
\nofMPsegments=\count130
\nofMParguments=\count131
\everyMPshowfont=\toks26
\MPscratchCnt=\count132
\MPscratchDim=\dimen147
\MPnumerator=\count133
\makeMPintoPDFobject=\count134
\everyMPtoPDFconversion=\toks27
) (/usr/local/texlive/2019/texmf-dist/tex/latex/oberdiek/epstopdf-base.sty
Package: epstopdf-base 2016/05/15 v2.6 Base part for package epstopdf

(/usr/local/texlive/2019/texmf-dist/tex/latex/oberdiek/grfext.sty
Package: grfext 2016/05/16 v1.2 Manage graphics extensions (HO)
)
Package epstopdf-base Info: Redefining graphics rule for `.eps' on input line 4
38.
Package grfext Info: Graphics extension search list:
(grfext)             [.pdf,.png,.jpg,.mps,.jpeg,.jbig2,.jb2,.PDF,.PNG,.JPG,.JPE
G,.JBIG2,.JB2,.eps]
(grfext)             \AppendGraphicsExtensions on input line 456.

(/usr/local/texlive/2019/texmf-dist/tex/latex/latexconfig/epstopdf-sys.cfg
File: epstopdf-sys.cfg 2010/07/13 v1.3 Configuration of (r)epstopdf for TeX Liv
e
))
LaTeX Font Info:    Try loading font information for OT1+lmr on input line 118.


(/usr/local/texlive/2019/texmf-dist/tex/latex/lm/ot1lmr.fd
File: ot1lmr.fd 2009/10/30 v1.6 Font defs for Latin Modern
)
LaTeX Font Info:    Try loading font information for OML+lmm on input line 118.


(/usr/local/texlive/2019/texmf-dist/tex/latex/lm/omllmm.fd
File: omllmm.fd 2009/10/30 v1.6 Font defs for Latin Modern
)
LaTeX Font Info:    Try loading font information for OMS+lmsy on input line 118
.

(/usr/local/texlive/2019/texmf-dist/tex/latex/lm/omslmsy.fd
File: omslmsy.fd 2009/10/30 v1.6 Font defs for Latin Modern
)
LaTeX Font Info:    Try loading font information for OMX+lmex on input line 118
.

(/usr/local/texlive/2019/texmf-dist/tex/latex/lm/omxlmex.fd
File: omxlmex.fd 2009/10/30 v1.6 Font defs for Latin Modern
)
LaTeX Font Info:    External font `lmex10' loaded for size
(Font)              <12> on input line 118.
LaTeX Font Info:    External font `lmex10' loaded for size
(Font)              <8> on input line 118.
LaTeX Font Info:    External font `lmex10' loaded for size
(Font)              <6> on input line 118.
LaTeX Font Info:    Try loading font information for U+msa on input line 118.

(/usr/local/texlive/2019/texmf-dist/tex/latex/amsfonts/umsa.fd
File: umsa.fd 2013/01/14 v3.01 AMS symbols A
)
(/usr/local/texlive/2019/texmf-dist/tex/latex/microtype/mt-msa.cfg
File: mt-msa.cfg 2006/02/04 v1.1 microtype config. file: AMS symbols (a) (RS)
)
LaTeX Font Info:    Try loading font information for U+msb on input line 118.

(/usr/local/texlive/2019/texmf-dist/tex/latex/amsfonts/umsb.fd
File: umsb.fd 2013/01/14 v3.01 AMS symbols B
)
(/usr/local/texlive/2019/texmf-dist/tex/latex/microtype/mt-msb.cfg
File: mt-msb.cfg 2005/06/01 v1.0 microtype config. file: AMS symbols (b) (RS)
)
(./Pipeline-del-an치lisis.toc
LaTeX Font Info:    External font `lmex10' loaded for size
(Font)              <10> on input line 1.
LaTeX Font Info:    External font `lmex10' loaded for size
(Font)              <7> on input line 1.
LaTeX Font Info:    External font `lmex10' loaded for size
(Font)              <5> on input line 1.
)
\tf@toc=\write5
\openout5 = `Pipeline-del-an치lisis.toc'.

LaTeX Font Info:    Try loading font information for TS1+lmr on input line 159.


(/usr/local/texlive/2019/texmf-dist/tex/latex/lm/ts1lmr.fd
File: ts1lmr.fd 2009/10/30 v1.6 Font defs for Latin Modern
) [1

{/usr/local/texlive/2019/texmf-var/fonts/map/pdftex/updmap/pdftex.map}]
LaTeX Font Info:    Try loading font information for T1+lmtt on input line 231.


(/usr/local/texlive/2019/texmf-dist/tex/latex/lm/t1lmtt.fd
File: t1lmtt.fd 2009/10/30 v1.6 Font defs for Latin Modern
)
LaTeX Font Info:    Font shape `T1/lmtt/bx/n' in size <10> not available
(Font)              Font shape `T1/lmtt/b/n' tried instead on input line 232.
LaTeX Font Info:    Try loading font information for TS1+lmtt on input line 235
.

(/usr/local/texlive/2019/texmf-dist/tex/latex/lm/ts1lmtt.fd
File: ts1lmtt.fd 2009/10/30 v1.6 Font defs for Latin Modern
) [2]
<figures/QCRawData.png, id=34, 521.95pt x 215.80624pt>
File: figures/QCRawData.png Graphic file (type png)
<use figures/QCRawData.png>
Package pdftex.def Info: figures/QCRawData.png  used on input line 306.
(pdftex.def)             Requested size: 521.96463pt x 215.81229pt.

Overfull \hbox (52.20961pt too wide) in paragraph at lines 306--306
[][] 
 []

[3 <./figures/QCRawData.png>]

LaTeX Warning: File `Pipeline-del-an涇isis_files/figure-latex/PCARaw-1.pdf' not
 found on input line 359.


! Package pdftex.def Error: File `Pipeline-del-an涇isis_files/figure-latex/PCAR
aw-1.pdf' not found: using draft setting.

See the pdftex.def package documentation for explanation.
Type  H <return>  for immediate help.
 ...                                              
                                                  
l.359 ...n치lisis_files/figure-latex/PCARaw-1.pdf}
                                                  
Try typing  <return>  to proceed.
If that doesn't work, type  X <return>  to quit.


LaTeX Warning: File `Pipeline-del-an涇isis_files/figure-latex/BoxplotRaw-1.pdf'
 not found on input line 380.


! Package pdftex.def Error: File `Pipeline-del-an涇isis_files/figure-latex/Boxp
lotRaw-1.pdf' not found: using draft setting.

See the pdftex.def package documentation for explanation.
Type  H <return>  for immediate help.
 ...                                              
                                                  
l.380 ...isis_files/figure-latex/BoxplotRaw-1.pdf}
                                                  
Try typing  <return>  to proceed.
If that doesn't work, type  X <return>  to quit.

[4]
<figures/QCNormalizedData.png, id=49, 531.9875pt x 211.79124pt>
File: figures/QCNormalizedData.png Graphic file (type png)
<use figures/QCNormalizedData.png>
Package pdftex.def Info: figures/QCNormalizedData.png  used on input line 438.
(pdftex.def)             Requested size: 532.00243pt x 211.79718pt.

Overfull \hbox (62.2474pt too wide) in paragraph at lines 438--438
[][] 
 []


LaTeX Warning: File `Pipeline-del-an涇isis_files/figure-latex/PCANorm-1.pdf' no
t found on input line 458.


! Package pdftex.def Error: File `Pipeline-del-an涇isis_files/figure-latex/PCAN
orm-1.pdf' not found: using draft setting.

See the pdftex.def package documentation for explanation.
Type  H <return>  for immediate help.
 ...                                              
                                                  
l.458 ...치lisis_files/figure-latex/PCANorm-1.pdf}
                                                  
Try typing  <return>  to proceed.
If that doesn't work, type  X <return>  to quit.

[5 <./figures/QCNormalizedData.png>]

LaTeX Warning: File `Pipeline-del-an涇isis_files/figure-latex/BoxplotNormalized
-1.pdf' not found on input line 481.


! Package pdftex.def Error: File `Pipeline-del-an涇isis_files/figure-latex/Boxp
lotNormalized-1.pdf' not found: using draft setting.

See the pdftex.def package documentation for explanation.
Type  H <return>  for immediate help.
 ...                                              
                                                  
l.481 ...les/figure-latex/BoxplotNormalized-1.pdf}
                                                  
Try typing  <return>  to proceed.
If that doesn't work, type  X <return>  to quit.


LaTeX Warning: File `Pipeline-del-an涇isis_files/figure-latex/plotPVCA-1.pdf' n
ot found on input line 523.


! Package pdftex.def Error: File `Pipeline-del-an涇isis_files/figure-latex/plot
PVCA-1.pdf' not found: using draft setting.

See the pdftex.def package documentation for explanation.
Type  H <return>  for immediate help.
 ...                                              
                                                  
l.523 ...멻isis_files/figure-latex/plotPVCA-1.pdf}
                                                  
Try typing  <return>  to proceed.
If that doesn't work, type  X <return>  to quit.

[6] [7] [8] [9] [10]

LaTeX Warning: File `Pipeline-del-an涇isis_files/figure-latex/vennDiagramRosett
-1.pdf' not found on input line 952.


! Package pdftex.def Error: File `Pipeline-del-an涇isis_files/figure-latex/venn
DiagramRosett-1.pdf' not found: using draft setting.

See the pdftex.def package documentation for explanation.
Type  H <return>  for immediate help.
 ...                                              
                                                  
l.952 ...les/figure-latex/vennDiagramRosett-1.pdf}
                                                  
Try typing  <return>  to proceed.
If that doesn't work, type  X <return>  to quit.

[11]

LaTeX Warning: File `Pipeline-del-an涇isis_files/figure-latex/vennDiagramNPC-1.
pdf' not found on input line 993.


! Package pdftex.def Error: File `Pipeline-del-an涇isis_files/figure-latex/venn
DiagramNPC-1.pdf' not found: using draft setting.

See the pdftex.def package documentation for explanation.
Type  H <return>  for immediate help.
 ...                                              
                                                  
l.993 ..._files/figure-latex/vennDiagramNPC-1.pdf}
                                                  
Try typing  <return>  to proceed.
If that doesn't work, type  X <return>  to quit.

[12] [13]
Overfull \hbox (359.74257pt too wide) in paragraph at lines 1196--1196
[]\T1/lmtt/m/n/10 ## Guangchuang Yu, Qing-Yu He. ReactomePA: an R/Bioconductor 
package for reactome pathway analysis and visualization. Molecular BioSystems 2
016, 12(2):477-479[] 
 []

[14]
Overfull \hbox (5273.72829pt too wide) in paragraph at lines 1273--1273
[]\T1/lmtt/m/n/10 ##                                                           
                                                                               
                                                                               
                                                                               
                                                                               
                                                                               
                                                                               
                                                                               
                                                                               
                                                                               
                                                                               
                                                                               
                                                                               
                                                                               
geneID[] 
 []


Overfull \hbox (5273.72829pt too wide) in paragraph at lines 1273--1273
[]\T1/lmtt/m/n/10 ## R-HSA-1474244                                             
                                                                               
                                                                               
                                                      COL2A1/COL11A1/VCAM1/COL8
A1/COL5A2/LUM/FBN2/COL4A6/HAPLN1/COL5A1/SCUBE3/FN1/CD47/TGFB2/CAPN6/COL4A2/TNC/
COL12A1/ADAMTS9/FBN1/JAM2/NCAN/COL1A2/NCAM1/CAPN2/DMD/ITGAV/LTBP1/EFEMP1/SPP1/C
OL4A1/ITGB5/ADAMTS1/SPARC/F11R/LOX/MFAP5/ADAM12/FBLN1/BMP7/COLGALT2/CDH1/TIMP2/
COL7A1/MMP2/ITGB8/COL13A1/PDGFA/NTN4/LRP4/SERPINE1/SDC1/COL4A5/NRXN1/LOXL1/ITGA
2/ADAMTS18/LTBP2/THBS1/ADAM19/LOXL2/COL9A1/ADAMTS5/CAST/EFEMP2/CD44/LAMC1/CTSV/
LOXL3/MMP24/ADAM9/MMP7/NID1/SDC2/BGN/DDR2/MATN3/COL1A1/A2M/JAM3/COL22A1/ITGB1/C
OL3A1/MMP16/CTSK/P3H1/ADAM17/CASK/COL9A2/LAMA1/LOXL4/EMILIN3/PRKCA/COL15A1/COL9
A3/SDC3/COL26A1/PCOLCE/ICAM1/PSEN1/PHYKPL/COLGALT1/HSPG2/LAMB1/COL25A1/ITGAE/IC
AM3/CRTAP/CASP3/TGFB1/FMOD/TLL2/ITGA5/PCOLCE2/ITGA8/ITGA4/COL18A1/P3H2/PDGFB/MM
P9/MMP14/ADAMTS2/ADAMTS8/DST/LAMA5/COL16A1/SERPINH1/COL27A1/FBLN2/ITGA9/EMILIN2
/P4HA2[] 
 []


Overfull \hbox (5273.72829pt too wide) in paragraph at lines 1273--1273
[]\T1/lmtt/m/n/10 ## R-HSA-9006934 COL2A1/COL11A1/PDGFC/COL5A2/FLRT3/DUSP4/FGF8
/FGFBP3/CXCL12/COL5A1/GABRB3/FN1/ESRP1/COL4A2/HBEGF/AKT3/KITLG/FGFR2/COL1A2/ITG
AV/RPS6KA2/PCSK5/CAV1/SPP1/IRS4/COL4A1/SPHK1/MEF2C/CYFIP2/SPARC/APOE/FGF18/PRKC
B/ERBB3/PAG1/SHC3/SPRED1/ADAM12/RPS6KA3/PIK3R3/ERBB4/FGF9/PAK2/PIK3R1/WASF3/SPR
Y2/THBS3/SPINT2/FYN/RALGDS/PDGFA/PAK3/SPRED2/COL4A5/FLT1/ITGA2/SH3GL2/WASF1/THB
S1/COL9A1/SPRY1/ROCK2/LAMC1/DOCK7/CDC42/SPINT1/VEGFA/ADCYAP1R1/TIAM1/CYFIP1/DUS
P6/PDE3B/GALNT3/COL1A1/WWOX/RALB/ABI2/ATP6V0E2/GRB2/GRB10/CUL5/VEGFC/ITGB1/GAB2
/NRG1/MAPK13/COL3A1/EGF/PLAT/PRKCE/RAP1A/ADAM17/MAPK11/ITPR3/ADCYAP1/IRS1/NRP1/
THEM4/KIDINS220/ATP6V0A2/NEDD4/ANOS1/COL9A2/TNS3/EGFR/AXL/ARHGEF7/LAMA1/GAB1/PT
PN18/PRKCA/SOCS6/CSK/COL9A3/BTC/LYN/TRIB3/AKT1/VAV3/CYBA/PSEN1/SHC2/CDK5R1/GABR
B2/KIT/PTPRO/RIT1/CREB1/STAM2/MAPK12/FRS2/PIK3C3/PTPRJ/LAMB1/PDGFRB/STAT6/NTRK2
/PIK3CA/GABRG2/PDGFRA/LRIG1/BAIAP2/SHC1/DUSP3/MET/DNAL4/STMN1/GABRG3/DOCK3/APH1
B/EPS15/PIK3CB/PTPRK/VRK3/THBS4/FGF19/PDGFB/MMP9/NRG3/SH2D2A/TCIRG1/JAK2/NTRK3/
PPP2R1B/ITPR1/SH2B3/SHB/LAMA5/WASF2/SOS1/PRKACB/COL27A1/ITPR2/BDNF/DLG4/ATP6V1G
2/DNM3[] 
 []


Overfull \hbox (5273.72829pt too wide) in paragraph at lines 1273--1273
[]\T1/lmtt/m/n/10 ## R-HSA-3000171                                             
                                                                               
                                                                               
                                                                               
                                                                               
                                                                               
                                                                               
                                                                               
                                                                               
                                                                               
                                                                               
                                  COL2A1/COL11A1/COL5A2/COL4A6/COL5A1/FN1/COL4A
2/TNC/COL1A2/DMD/ITGAV/COL4A1/ITGB5/PDGFA/NTN4/SDC1/COL4A5/NRXN1/ITGA2/THBS1/LA
MC1/SDC2/DDR2/COL1A1/ITGB1/COL3A1/CASK/LAMA1/PRKCA/SDC3/HSPG2/LAMB1/TGFB1/PDGFB
/LAMA5[] 
 []


Overfull \hbox (5273.72829pt too wide) in paragraph at lines 1273--1273
[]\T1/lmtt/m/n/10 ## R-HSA-216083                                              
                                                                               
                                                                               
                                                                               
                                                                               
                                                                               
                                                                               
                                                                               
                                                                               
                                                                               
                                                    COL2A1/VCAM1/COL8A1/COL5A2/
LUM/COL4A6/COL5A1/FN1/CD47/COL4A2/TNC/FBN1/JAM2/COL1A2/ITGAV/SPP1/COL4A1/ITGB5/
F11R/CDH1/COL7A1/ITGB8/COL13A1/COL4A5/ITGA2/THBS1/COL9A1/CD44/COL1A1/JAM3/ITGB1
/COL3A1/COL9A2/COL9A3/ICAM1/HSPG2/ITGAE/ICAM3/ITGA5/ITGA8/ITGA4/COL18A1/COL16A1
/ITGA9[] 
 []


Overfull \hbox (5273.72829pt too wide) in paragraph at lines 1273--1273
[]\T1/lmtt/m/n/10 ## R-HSA-1474290                                             
                                                                               
                                                                               
                                                                               
                                                                               
                                                                               
                                                                               
                                                                               
                                                                               
                                                                               
              COL2A1/COL11A1/COL8A1/COL5A2/COL4A6/COL5A1/COL4A2/COL12A1/COL1A2/
COL4A1/LOX/COLGALT2/COL7A1/COL13A1/COL4A5/LOXL1/LOXL2/COL9A1/CTSV/LOXL3/MMP7/CO
L1A1/COL22A1/COL3A1/P3H1/COL9A2/LOXL4/COL15A1/COL9A3/COL26A1/PCOLCE/COLGALT1/CO
L25A1/CRTAP/TLL2/PCOLCE2/COL18A1/P3H2/MMP9/ADAMTS2/DST/COL16A1/SERPINH1/COL27A1
/P4HA2[] 
 []


Overfull \hbox (5273.72829pt too wide) in paragraph at lines 1273--1273
[]\T1/lmtt/m/n/10 ## R-HSA-1650814                                             
                                                                               
                                                                               
                                                                               
                                                                               
                                                                               
                                                                               
                                                                               
                                                                               
                                                                               
                                                             COL2A1/COL11A1/COL
8A1/COL5A2/COL4A6/COL5A1/COL4A2/COL12A1/COL1A2/COL4A1/COLGALT2/COL7A1/COL13A1/C
OL4A5/COL9A1/COL1A1/COL22A1/COL3A1/P3H1/COL9A2/COL15A1/COL9A3/COL26A1/PCOLCE/CO
LGALT1/COL25A1/CRTAP/TLL2/PCOLCE2/COL18A1/P3H2/ADAMTS2/COL16A1/SERPINH1/COL27A1
/P4HA2[] 
 []


Overfull \hbox (942.49088pt too wide) in paragraph at lines 1313--1313
[]\T1/lmtt/m/n/10 ##                                                           
                                                                               
                                                                               
                                            geneID[] 
 []

[15]
Overfull \hbox (942.49088pt too wide) in paragraph at lines 1313--1313
[]\T1/lmtt/m/n/10 ## R-HSA-1474244 SPP1/LUM/LTBP2/COL8A1/COL12A1/COL4A1/COL5A1/
TNC/MMP2/LOXL2/CD44/HAPLN1/TGFB2/ADAM12/FN1/A2M/ADAM19/LOX/LAMB1/DDR2/COL18A1/L
AMC2/SERPINE1/ITGB5/ACTN1/ADAMTS1/ITGB1/COL9A2/LRP4/ITGAV/NRXN1/CTSK/ICAM3/CAPN
6/COL1A1/SPARC/MFAP5/ADAMTS5/COL1A2/COL9A3/COL11A1[] 
 []


Overfull \hbox (942.49088pt too wide) in paragraph at lines 1313--1313
[]\T1/lmtt/m/n/10 ## R-HSA-3000178                                             
                                                                               
                   LUM/COL4A1/COL5A1/TNC/HAPLN1/TGFB2/FN1/LAMB1/SERPINE1/ITGB5/
ITGB1/COL9A2/LRP4/ITGAV/COL1A1/SPARC/COL1A2/COL9A3[] 
 []


Overfull \hbox (942.49088pt too wide) in paragraph at lines 1313--1313
[]\T1/lmtt/m/n/10 ## R-HSA-3000171                                             
                                                                               
                                       COL4A1/COL5A1/TNC/FN1/LAMB1/DDR2/LAMC2/I
TGB5/ACTN1/ITGB1/ITGAV/NRXN1/COL1A1/COL1A2/COL11A1[] 
 []


Overfull \hbox (942.49088pt too wide) in paragraph at lines 1313--1313
[]\T1/lmtt/m/n/10 ## R-HSA-216083                                              
                                                                               
                           SPP1/LUM/COL8A1/COL4A1/COL5A1/TNC/CD44/FN1/COL18A1/I
TGB5/ITGB1/COL9A2/ITGAV/ICAM3/COL1A1/COL1A2/COL9A3[] 
 []


Overfull \hbox (942.49088pt too wide) in paragraph at lines 1313--1313
[]\T1/lmtt/m/n/10 ## R-HSA-1474228                                             
                                                                          SPP1/
COL8A1/COL12A1/COL4A1/COL5A1/MMP2/CD44/FN1/A2M/LAMB1/COL18A1/LAMC2/ADAMTS1/COL9
A2/CTSK/CAPN6/COL1A1/ADAMTS5/COL1A2/COL9A3/COL11A1[] 
 []


Overfull \hbox (942.49088pt too wide) in paragraph at lines 1313--1313
[]\T1/lmtt/m/n/10 ## R-HSA-2022090                                             
                                                                               
                                         COL8A1/COL12A1/COL4A1/COL5A1/LOXL2/LOX
/COL18A1/LAMC2/COL9A2/COL1A1/COL1A2/COL9A3/COL11A1[] 
 []


Overfull \hbox (5488.97766pt too wide) in paragraph at lines 1346--1346
[]\T1/lmtt/m/n/10 ##                                                           
                                                                               
                                                                               
                                                                               
                                                                               
                                                                               
                                                                               
                                                                               
                                                                               
                                                                               
                                                                               
                                                                               
                                                                               
                                                                               
                                         geneID[] 
 []


Overfull \hbox (5488.97766pt too wide) in paragraph at lines 1346--1346
[]\T1/lmtt/m/n/10 ## R-HSA-9006934 COL2A1/DUSP4/ESRP1/COL11A1/APOE/KITLG/FLRT3/
PDGFC/COL5A2/FGFBP3/CXCL12/RPS6KA2/AKT3/ERBB3/PAG1/CDK5R1/CYFIP2/SPINT2/PDGFA/S
PP1/PAK3/ERBB4/MEF2C/FGFR2/CDC42/RALGDS/FGF8/PIK3R1/SHC1/PAK2/PIK3R3/SPHK1/SHC3
/ATP6V0E2/ARHGEF7/COL4A2/FGF9/GALNT3/FYN/ADCYAP1/KIDINS220/CYBA/NRP1/THBS3/ITGA
2/LYN/KIT/FLT1/RPS6KA3/DUSP6/SPINT1/LAMA5/LAMC2/APH1B/MET/FN1/IRS4/PTPRO/GRB10/
WASF1/ANOS1/WASF3/NRG1/PRKACB/ITPR3/SPRY1/HBEGF/MAPK13/SPRED2/COL4A5/SPARC/GABR
B3/RAP1A/MAPK11/ADAM12/NTRK2/LAMB1/LRIG1/GAB2/SPRED1/DOCK7/GABRB2/AXL/VEGFA/SPR
Y2/FGF18/COL3A1/NTRK1/IRS1/ABI2/VEGFC/PDE3B/FGF19/ROCK2/BAIAP2/COL1A2/RALB/TRIB
3/ITGAV/SH2B3/STAT6/PIK3CB/GAB1/SH3GL2/CSK/AKT1/CUL5/EGF/BDNF/WASF2/SHC2/CAV1/D
NM3/PTPN18/ATP6V1G2/LAMC1/PIK3C3/PRKCE/STAM2/COL5A1/CREB1/PPP2R1B/WWOX/EPS15/TH
BS4/NRG3/CDK5/PDGFRA/THEM4/LAMA4/SOCS6/PRKCB/COL9A3/TCIRG1/NTRK3/JAK2/MAPK12/DL
G4/RIT1/ADAM17/CYFIP1/PIK3CA/SOS1/GABRG2/THBS1/PSEN1/PCSK5/RPS6KA5/ATP6V0A2/DNA
L4/STMN1/NTF3/SH2D2A/COL4A1/NEDD4/ADCYAP1R1/MMP9/COL27A1/COL9A2/FRS2/DUSP3/PLAT
/SHB/DOCK3/EGFR/TGFA/GRB2/PTPRK/BTC/LAMA1/ITPR2/WWP1/ITGB1/GABRG3/COL1A1/TIAM1/
TNS3/PDGFRB/COL9A1/VAV3/GABRA1/PRKCA/VRK3/PTPRJ[] 
 []


Overfull \hbox (5488.97766pt too wide) in paragraph at lines 1346--1346
[]\T1/lmtt/m/n/10 ## R-HSA-1474244                                             
                                                                               
                                                                               
                                                                               
                                                         COL2A1/VCAM1/LUM/NCAN/
COL11A1/COL4A6/CDH1/NCAM1/COL5A2/COL8A1/F11R/CD47/SCUBE3/JAM2/PDGFA/SPP1/TGFB2/
ITGB8/COL13A1/ADAMTS9/CTSV/TIMP2/CAPN6/HAPLN1/CAPN2/COL4A2/COL12A1/P3H2/ITGA2/S
DC4/LAMA5/LAMC2/DMD/NTN4/FN1/COL18A1/CASK/FBN1/FBN2/PCOLCE2/COL4A5/SPARC/PCOLCE
/ADAM12/LOX/ADAMTS1/LOXL3/JAM3/SERPINH1/LAMB1/COLGALT2/SDC3/COL22A1/ACTN1/FBLN1
/ICAM3/COL3A1/ADAMTS5/LRP4/COL1A2/CRTAP/ITGAV/BGN/P4HA2/DDR2/ITGAE/LOXL1/MMP16/
LAMC1/ADAM9/COL5A1/EMILIN2/MMP24/ADAMTS18/ADAMTS8/COL16A1/HSPG2/LAMA4/TNC/PHYKP
L/COL9A3/A2M/EMILIN3/ITGA8/ADAM17/COL7A1/THBS1/PSEN1/LOXL4/LOXL2/BSG/SDC1/EFEMP
2/MATN3/COL15A1/COL4A1/MFAP5/COL26A1/ITGA9/NRXN1/CTSK/MMP9/COL27A1/COL9A2/CASP3
/DST/FBLN2/CAST/LAMA1/TGFB1/ITGB1/P3H1/COL1A1/COL25A1/NID2/NID1/CD44/COLGALT1/C
OL9A1/EFEMP1/LTBP2/ADAMTS2/TNR/SDC2/ITGB5/PRKCA[] 
 []


Overfull \hbox (5488.97766pt too wide) in paragraph at lines 1346--1346
[]\T1/lmtt/m/n/10 ## R-HSA-112316                                              
                                                                  GRIA2/NCALD/G
NG2/GNG3/RPS6KA2/GNG11/SNAP25/APBA2/SLC1A2/NLGN1/NEFL/GLRB/GNG4/NRXN3/SLITRK1/E
RBB4/KCNC1/GRIA1/ABAT/ALDH5A1/PPM1E/MAPT/SLC32A1/SLC1A3/ARHGEF7/TSPAN7/PRKAA2/N
RXN2/SYT1/SLITRK6/EPB41L5/RPS6KA3/PPFIA2/STXBP1/NRG1/CASK/PRKACB/CAMK4/TUBB3/HC
N3/CACNA1B/KCNQ2/SLITRK5/KCNH8/GABRB3/TUBA1A/CHRNA3/GRIP1/GAD1/EPB41L1/ARHGEF9/
PTPRD/KCNQ3/EPB41L2/SHANK2/GNG8/TUBB2A/LRRTM2/GABRB2/HOMER2/CACNB3/RIMS1/CAMK2D
/GAD2/KCNB1/SLC6A1/ADCY6/BEGAIN/BCHE/GNB1/PANX1/HOMER3/KCND3/PRKAR1A/DLGAP4/CAC
NB2/COMT/ARL6IP5/PPFIA4/TSPOAP1/GRIA3/GABBR2/SLITRK4/LRRC7/DLG2/KCNB2/KCNK10/SY
T9/KCNN3/GNAL/SLC1A6/CREB1/CACNG4/TUBB4B/GJC1/KCNK6/PRKCB/GNB5/NTRK3/CAMK2B/GRI
K2/TUBB2B/EPB41L3/GABBR1/DLG4/LRFN3/GRM1/KCNK2/KCNQ4/GABRG2/IL1RAPL1/SHANK3/KCN
MA1/PRKX/GRIK1/SYT12/KCNA2/STX1A/GNG12/KCNJ10/PPFIBP2/KCNJ4/GNAI1/NRXN1/PRKAA1/
GLS/ABCC8/MAOA/SIPA1L1/KCNK3/KCNJ8/SLC1A1/KCNQ5/KCNJ9/ADCY2/TUBB6/LRRTM4/GABRG3
/CHRNA9/PLCB1/APBA1/LIN7B/KCNMB4/KCNG1/CACNG2/KCNH2/TUBB4A/RAB3A/KCNA5/HCN4/CAC
NA2D3/CPLX1/SYN1/VAMP2/GABRA1/KCNJ2/LIN7A/PRKCA[] 
 []


Overfull \hbox (5488.97766pt too wide) in paragraph at lines 1346--1346
[]\T1/lmtt/m/n/10 ## R-HSA-3000171                                             
                                                                               
                                                                               
                                                                               
                                                                               
                                                                               
                                                                               
                                                                               
                                                                               
                                                                               
                                                                               
                                                          COL2A1/COL11A1/COL4A6
/COL5A2/PDGFA/COL4A2/ITGA2/SDC4/LAMA5/LAMC2/DMD/NTN4/FN1/CASK/COL4A5/LAMB1/SDC3
/ACTN1/COL3A1/COL1A2/ITGAV/DDR2/LAMC1/COL5A1/HSPG2/LAMA4/TNC/THBS1/SDC1/COL4A1/
NRXN1/LAMA1/TGFB1/ITGB1/COL1A1/SDC2/ITGB5/PRKCA[] 
 []


Overfull \hbox (5488.97766pt too wide) in paragraph at lines 1346--1346
[]\T1/lmtt/m/n/10 ## R-HSA-399956                                              
                                                                               
                                                                               
                                                                               
                                                                               
                                                                               
                                                                               
                                                                               
                                                                               
                                                                               
                                                                               
                                                                               
                                                                               
                               DPYSL4/CDK5R1/CRMP1/FYN/NRP1/PLXNA1/DPYSL5/DPYSL
3/GSK3B/PLXNA2/DPYSL2/PLXNA3/SEMA3A/CDK5/PLXNA4[] 
 []


Overfull \hbox (5488.97766pt too wide) in paragraph at lines 1346--1346
[]\T1/lmtt/m/n/10 ## R-HSA-2022928                                             
                                                                               
                                                                               
                                                                               
                                                                               
                                                                               
                                                                               
                                                                               
                                                                               
                                                                               
                                                                               
                                                                               
                                                                          EXT1/
HS6ST2/HS3ST1/GPC1/GPC6/SDC4/HS2ST1/HS3ST3A1/GPC2/SDC3/NDST4/HS6ST3/GPC3/HSPG2/
SLC35D2/SDC1/GLCE/GPC4/NDST3/HS3ST2/HS3ST4/SDC2[] 
 []

[16]
Overfull \hbox (1871.73817pt too wide) in paragraph at lines 1379--1379
[]\T1/lmtt/m/n/10 ##                                                           
                                                                               
                                                                               
                                                                               
                                                                               
                                                               geneID[] 
 []


Overfull \hbox (1871.73817pt too wide) in paragraph at lines 1379--1379
[]\T1/lmtt/m/n/10 ## R-HSA-3000171                                             
                                                                               
                                                                               
                                                                               
          COL4A6/LAMC1/COL5A2/COL4A2/NRXN1/DMD/FN1/ITGB5/COL2A1/PRKCA/TGFB1/TNC
/LAMC2/COL1A2/COL11A1/PDGFA/DDR2/COL4A5/SDC1/COL4A1/SDC2/ITGB1/COL5A1[] 
 []


Overfull \hbox (1871.73817pt too wide) in paragraph at lines 1379--1379
[]\T1/lmtt/m/n/10 ## R-HSA-1474244                                             
                                       LUM/COL4A6/FBN2/CAPN6/LAMC1/SPP1/HAPLN1/
EFEMP2/NID2/MFAP5/P4HA2/VCAM1/PCOLCE2/CDH1/COL5A2/NCAN/COL4A2/NRXN1/FBN1/DMD/FN
1/ITGB5/ADAM12/ADAMTS9/COL2A1/ADAMTS18/COL26A1/TLL2/SERPINH1/TGFB2/PRKCA/TGFB1/
TNC/LAMC2/COL8A1/CASP3/COL1A2/COL7A1/SCUBE3/CRTAP/BGN/TNR/COL11A1/PDGFA/CTSK/DD
R2/NID1/ITGB8/LOXL2/COL4A5/SDC1/COL4A1/SDC2/ITGB1/A2M/COLGALT2/COL5A1[] 
 []


Overfull \hbox (1871.73817pt too wide) in paragraph at lines 1379--1379
[]\T1/lmtt/m/n/10 ## R-HSA-9006934 FGFR2/ANOS1/DUSP6/SPRY2/SPRY1/VEGFA/FGF8/LYN
/LAMC1/KITLG/PRKCB/SPP1/IRS4/SPRED2/VEGFC/NTRK2/ERBB4/COL5A2/COL4A2/TIAM1/AXL/P
AG1/FN1/ADAM12/CAV1/ESRP1/COL2A1/ADCYAP1R1/SHC2/BAIAP2/MET/PRKCA/CYFIP2/SHB/STM
N1/LAMC2/PCSK5/IRS1/SPHK1/ARHGEF7/CDC42/COL1A2/FLRT3/CXCL12/CDK5R1/KIT/TNS3/ATP
6V0E2/TGFA/SHC3/COL11A1/GABRB2/PDGFA/GALNT3/PTPN18/ERBB3/BTC/COL4A5/DNM3/LRIG1/
PDGFRA/COL4A1/ADCYAP1/VAV3/NTRK1/ITGB1/BDNF/RPS6KA5/TRIB3/COL5A1/CYBA[] 
 []


Overfull \hbox (1871.73817pt too wide) in paragraph at lines 1379--1379
[]\T1/lmtt/m/n/10 ## R-HSA-3000178                                             
                                                                               
                                                                               
                                                                               
                               LUM/COL4A6/LAMC1/HAPLN1/COL5A2/NCAN/COL4A2/FN1/I
TGB5/COL2A1/TGFB2/TGFB1/TNC/COL1A2/BGN/TNR/COL4A5/COL4A1/ITGB1/COL5A1[] 
 []


Overfull \hbox (1871.73817pt too wide) in paragraph at lines 1379--1379
[]\T1/lmtt/m/n/10 ## R-HSA-1474228                                             
                                                                               
                                                                               
                                                   COL4A6/FBN2/CAPN6/LAMC1/SPP1
/CDH1/COL5A2/COL4A2/FBN1/FN1/ADAMTS9/COL2A1/ADAMTS18/COL26A1/TLL2/LAMC2/COL8A1/
CASP3/COL1A2/COL7A1/SCUBE3/COL11A1/CTSK/NID1/COL4A5/COL4A1/A2M/COL5A1[] 
 []


Overfull \hbox (1871.73817pt too wide) in paragraph at lines 1379--1379
[]\T1/lmtt/m/n/10 ## R-HSA-6794362                                             
                                                                               
                                                                               
                                                                               
    PPFIA4/EPB41L1/SLITRK1/LRRTM4/NRXN1/NRXN3/SHANK2/SYT12/NRXN2/STXBP1/PTPRD/P
PFIA2/HOMER2/PPFIBP2/BEGAIN/GRIA3/GRIA1/LIN7B/SIPA1L1/SLITRK6/SLITRK4[] 
 []


Overfull \hbox (126.70262pt too wide) in alignment at lines 1417--1423
 [] [] [] [] [] [] 
 []


Overfull \hbox (126.70262pt too wide) in alignment at lines 1423--1427
 [] [] [] [] [] [] 
 []


Overfull \hbox (126.70262pt too wide) in alignment at lines 1427--1439
 [] [] [] [] [] [] 
 []


Overfull \hbox (126.70262pt too wide) in alignment at lines 1443--1449
 [] [] [] [] [] [] 
 []


Overfull \hbox (126.70262pt too wide) in alignment at lines 1449--1453
 [] [] [] [] [] [] 
 []


Overfull \hbox (126.70262pt too wide) in alignment at lines 1453--1465
 [] [] [] [] [] [] 
 []

[17]
Overfull \hbox (126.70262pt too wide) in alignment at lines 1469--1475
 [] [] [] [] [] [] 
 []


Overfull \hbox (126.70262pt too wide) in alignment at lines 1475--1479
 [] [] [] [] [] [] 
 []


Overfull \hbox (126.70262pt too wide) in alignment at lines 1479--1491
 [] [] [] [] [] [] 
 []


Overfull \hbox (126.70262pt too wide) in alignment at lines 1495--1501
 [] [] [] [] [] [] 
 []


Overfull \hbox (126.70262pt too wide) in alignment at lines 1501--1505
 [] [] [] [] [] [] 
 []


Overfull \hbox (126.70262pt too wide) in alignment at lines 1505--1517
 [] [] [] [] [] [] 
 []

Package atveryend Info: Empty hook `BeforeClearDocument' on input line 1519.
[18]
Package atveryend Info: Empty hook `AfterLastShipout' on input line 1519.
 (./Pipeline-del-an치lisis.aux)
Package atveryend Info: Executing hook `AtVeryEndDocument' on input line 1519.
Package atveryend Info: Executing hook `AtEndAfterFileList' on input line 1519.

Package rerunfilecheck Info: File `Pipeline-del-an치lisis.out' has not changed.

(rerunfilecheck)             Checksum: 94B0BD6E9668FB95845A066D34EDD969;153.
 ) 
Here is how much of TeX's memory you used:
 13181 strings out of 492616
 192994 string characters out of 6129480
 354032 words of memory out of 5000000
 16742 multiletter control sequences out of 15000+600000
 60939 words of font info for 116 fonts, out of 8000000 for 9000
 1141 hyphenation exceptions out of 8191
 35i,6n,38p,1164b,455s stack positions out of 5000i,500n,10000p,200000b,80000s
{/usr/local/texlive/2019/texmf-dist/fonts/enc/dvips/lm/lm-rm.enc}{/usr/local/
texlive/2019/texmf-dist/fonts/enc/dvips/lm/lm-ec.enc}{/usr/local/texlive/2019/t
exmf-dist/fonts/enc/dvips/lm/lm-ts1.enc}</usr/local/texlive/2019/texmf-dist/fon
ts/type1/public/lm/lmbx10.pfb></usr/local/texlive/2019/texmf-dist/fonts/type1/p
ublic/lm/lmbx12.pfb></usr/local/texlive/2019/texmf-dist/fonts/type1/public/lm/l
mr10.pfb></usr/local/texlive/2019/texmf-dist/fonts/type1/public/lm/lmr12.pfb></
usr/local/texlive/2019/texmf-dist/fonts/type1/public/lm/lmr17.pfb></usr/local/t
exlive/2019/texmf-dist/fonts/type1/public/lm/lmri10.pfb></usr/local/texlive/201
9/texmf-dist/fonts/type1/public/lm/lmtk10.pfb></usr/local/texlive/2019/texmf-di
st/fonts/type1/public/lm/lmtt10.pfb></usr/local/texlive/2019/texmf-dist/fonts/t
ype1/public/lm/lmtti10.pfb>
Output written on Pipeline-del-an치lisis.pdf (18 pages, 481431 bytes).
PDF statistics:
 177 PDF objects out of 1000 (max. 8388607)
 142 compressed objects within 2 object streams
 45 named destinations out of 1000 (max. 500000)
 12307 words of extra memory for PDF output out of 14400 (max. 10000000)

